2017-07-21-http-bio-8085-exec-7--DEBUG-org.spring.controller.UserRegisterController:userRegisterPageRedirectRequest Not Mapped
2017-07-21-http-bio-8085-exec-7--DEBUG-org.springframework.beans.factory.support.DefaultListableBeanFactory:invokeInitMethodsInvoking afterPropertiesSet() on bean with name 'userRegister'
2017-07-21-http-bio-8085-exec-7--DEBUG-org.springframework.web.servlet.DispatcherServlet:renderRendering view [org.springframework.web.servlet.view.JstlView: name 'userRegister'; URL [/WEB-INF/myPages/userRegister.jsp]] in DispatcherServlet with name 'phone'
2017-07-21-http-bio-8085-exec-7--DEBUG-org.springframework.web.servlet.view.JstlView:exposeModelAsRequestAttributesAdded model object 'userRegisterBeans' of type [org.spring.BeansClass.UserRegisterBeans] to request in view with name 'userRegister'
2017-07-21-http-bio-8085-exec-7--DEBUG-org.springframework.web.servlet.view.JstlView:exposeModelAsRequestAttributesAdded model object 'org.springframework.validation.BindingResult.userRegisterBeans' of type [org.springframework.validation.BeanPropertyBindingResult] to request in view with name 'userRegister'
2017-07-21-http-bio-8085-exec-7--DEBUG-org.springframework.web.servlet.view.JstlView:renderMergedOutputModelForwarding to resource [/WEB-INF/myPages/userRegister.jsp] in InternalResourceView 'userRegister'
2017-07-21-http-bio-8085-exec-7--DEBUG-org.springframework.web.servlet.DispatcherServlet:processRequestSuccessfully completed request
2017-07-21-http-bio-8085-exec-7--DEBUG-org.springframework.web.servlet.DispatcherServlet:doServiceDispatcherServlet with name 'phone' processing GET request for [/MiniPhoneBookDiary/forgetPasswordUser]
2017-07-21-http-bio-8085-exec-7--DEBUG-org.springframework.web.servlet.mvc.method.annotation.RequestMappingHandlerMapping:getHandlerInternalLooking up handler method for path /forgetPasswordUser
2017-07-21-http-bio-8085-exec-7--DEBUG-org.springframework.web.servlet.mvc.method.annotation.RequestMappingHandlerMapping:getHandlerInternalReturning handler method [public java.lang.String org.spring.controller.ForgotPasswordController.forgetPasswordContents(org.spring.BeansClass.ForgetPasswordBeans,org.springframework.ui.Model)]
2017-07-21-http-bio-8085-exec-7--DEBUG-org.springframework.beans.factory.support.DefaultListableBeanFactory:doGetBeanReturning cached instance of singleton bean 'forgotPasswordController'
2017-07-21-http-bio-8085-exec-7--DEBUG-org.springframework.web.servlet.DispatcherServlet:doDispatchLast-Modified value for [/MiniPhoneBookDiary/forgetPasswordUser] is: -1
2017-07-21-http-bio-8085-exec-7--DEBUG-org.springframework.beans.factory.support.DefaultListableBeanFactory:invokeInitMethodsInvoking afterPropertiesSet() on bean with name 'forgetPasswordUsers'
2017-07-21-http-bio-8085-exec-7--DEBUG-org.springframework.web.servlet.DispatcherServlet:renderRendering view [org.springframework.web.servlet.view.JstlView: name 'forgetPasswordUsers'; URL [/WEB-INF/myPages/forgetPasswordUsers.jsp]] in DispatcherServlet with name 'phone'
2017-07-21-http-bio-8085-exec-7--DEBUG-org.springframework.web.servlet.view.JstlView:exposeModelAsRequestAttributesAdded model object 'forgetPasswordBeans' of type [org.spring.BeansClass.ForgetPasswordBeans] to request in view with name 'forgetPasswordUsers'
2017-07-21-http-bio-8085-exec-7--DEBUG-org.springframework.web.servlet.view.JstlView:exposeModelAsRequestAttributesAdded model object 'org.springframework.validation.BindingResult.forgetPasswordBeans' of type [org.springframework.validation.BeanPropertyBindingResult] to request in view with name 'forgetPasswordUsers'
2017-07-21-http-bio-8085-exec-7--DEBUG-org.springframework.web.servlet.view.JstlView:exposeModelAsRequestAttributesAdded model object 'forgotPasswordBeans' of type [org.spring.BeansClass.ForgetPasswordBeans] to request in view with name 'forgetPasswordUsers'
2017-07-21-http-bio-8085-exec-7--DEBUG-org.springframework.web.servlet.view.JstlView:exposeModelAsRequestAttributesAdded model object 'org.springframework.validation.BindingResult.forgotPasswordBeans' of type [org.springframework.validation.BeanPropertyBindingResult] to request in view with name 'forgetPasswordUsers'
2017-07-21-http-bio-8085-exec-7--DEBUG-org.springframework.web.servlet.view.JstlView:renderMergedOutputModelForwarding to resource [/WEB-INF/myPages/forgetPasswordUsers.jsp] in InternalResourceView 'forgetPasswordUsers'
2017-07-21-http-bio-8085-exec-7--DEBUG-org.springframework.web.servlet.DispatcherServlet:processRequestSuccessfully completed request
