2017-06-10-http-bio-8080-exec-7--INFO -org.spring.controller.UserRegisterController:userRegisterRedirectAuto Generated Password generated successfully
2017-06-10 08:14:52 INFO  class:38 - Page Redirect Request Mapping SuccessFully done
2017-06-10 08:15:11 INFO  UserRegisterController:37 - Request SuccessFully Mapped
2017-06-10 08:15:22 INFO  UserRegisterController:51 - Request SuccessFully Mapped
2017-06-10 08:15:22 INFO  UserRegisterController:63 - Auto Generated Password generated successfully
2017-06-10 08:33:59 INFO  class:38 - Page Redirect Request Mapping SuccessFully done
2017-06-10 08:34:01 INFO  UserRegisterController:37 - Request SuccessFully Mapped
2017-06-10 08:36:54 INFO  UserRegisterController:51 - Request SuccessFully Mapped
2017-06-10 08:36:54 INFO  UserRegisterController:63 - Auto Generated Password generated successfully
2017-06-10 08:38:18 INFO  UserRegisterController:37 - Request SuccessFully Mapped
2017-06-10 08:38:29 INFO  UserRegisterController:51 - Request SuccessFully Mapped
2017-06-10 08:38:29 INFO  UserRegisterController:63 - Auto Generated Password generated successfully
2017-06-10 08:40:37 INFO  class:38 - Page Redirect Request Mapping SuccessFully done
2017-06-10 08:40:40 INFO  UserRegisterController:37 - Request SuccessFully Mapped
2017-06-10 08:40:57 INFO  UserRegisterController:51 - Request SuccessFully Mapped
2017-06-10 08:40:57 INFO  UserRegisterController:65 - Auto Generated Password generated successfully
2017-06-10 08:41:47 INFO  UserRegisterController:37 - Request SuccessFully Mapped
2017-06-10 08:41:55 INFO  UserRegisterController:51 - Request SuccessFully Mapped
2017-06-10 08:41:55 INFO  UserRegisterController:65 - Auto Generated Password generated successfully
2017-06-10 08:42:43 INFO  UserRegisterController:51 - Request SuccessFully Mapped
2017-06-10 08:42:43 INFO  UserRegisterController:65 - Auto Generated Password generated successfully
2017-06-10 08:42:46 INFO  UserRegisterController:37 - Request SuccessFully Mapped
2017-06-10 08:42:58 INFO  UserRegisterController:51 - Request SuccessFully Mapped
2017-06-10 08:42:58 INFO  UserRegisterController:65 - Auto Generated Password generated successfully
2017-06-10 08:53:09 INFO  UserRegisterController:37 - Request SuccessFully Mapped
2017-06-10 08:53:20 INFO  UserRegisterController:51 - Request SuccessFully Mapped
2017-06-10 08:53:20 INFO  UserRegisterController:65 - Auto Generated Password generated successfully
2017-06-10 08:56:56 INFO  UserRegisterController:37 - Request SuccessFully Mapped
2017-06-10 08:57:17 INFO  UserRegisterController:51 - Request SuccessFully Mapped
2017-06-10 08:57:17 INFO  UserRegisterController:63 - Auto Generated Password generated successfully
2017-06-10 09:21:58 INFO  UserRegisterController:51 - Request SuccessFully Mapped
2017-06-10 09:21:58 INFO  UserRegisterController:63 - Auto Generated Password generated successfully
2017-06-10 09:22:04 INFO  UserRegisterController:37 - Request SuccessFully Mapped
2017-06-10 09:22:22 INFO  UserRegisterController:51 - Request SuccessFully Mapped
2017-06-10 09:22:22 INFO  UserRegisterController:63 - Auto Generated Password generated successfully
2017-06-10 09:23:12 INFO  UserRegisterController:37 - Request SuccessFully Mapped
2017-06-10 09:23:17 INFO  UserRegisterController:37 - Request SuccessFully Mapped
2017-06-10 09:23:35 INFO  UserRegisterController:51 - Request SuccessFully Mapped
2017-06-10 09:23:35 INFO  UserRegisterController:63 - Auto Generated Password generated successfully
2017-06-10 09:23:41 INFO  UserRegisterController:88 - Email Sending Successfully Done
2017-06-10 09:26:24 INFO  class:38 - Page Redirect Request Mapping SuccessFully done
2017-06-10 09:27:06 INFO  class:38 - Page Redirect Request Mapping SuccessFully done
2017-06-10 09:27:15 INFO  class:77 - User Login Request Mapping SuccessFully done
2017-06-10 09:50:23 INFO  class:39 - Page Redirect Request Mapping SuccessFully done
2017-06-10 09:51:16 INFO  class:78 - User Login Request Mapping SuccessFully done
2017-06-10 09:58:30 INFO  class:39 - Page Redirect Request Mapping SuccessFully done
2017-06-10 09:59:36 INFO  class:39 - Page Redirect Request Mapping SuccessFully done
2017-06-10 09:59:57 INFO  class:78 - User Login Request Mapping SuccessFully done
2017-06-10 10:00:38 INFO  class:78 - User Login Request Mapping SuccessFully done
2017-06-10 10:01:43 INFO  class:39 - Page Redirect Request Mapping SuccessFully done
2017-06-10 10:01:52 INFO  class:78 - User Login Request Mapping SuccessFully done
2017-06-10 10:02:34 INFO  class:39 - Page Redirect Request Mapping SuccessFully done
2017-06-10 10:02:42 INFO  class:78 - User Login Request Mapping SuccessFully done
2017-06-10 10:03:14 INFO  class:78 - User Login Request Mapping SuccessFully done
2017-06-10 10:03:27 INFO  class:39 - Page Redirect Request Mapping SuccessFully done
2017-06-10 10:04:20 INFO  class:39 - Page Redirect Request Mapping SuccessFully done
2017-06-10 10:04:30 INFO  class:78 - User Login Request Mapping SuccessFully done
2017-06-10 10:08:33 INFO  class:78 - User Login Request Mapping SuccessFully done
2017-06-10 10:08:35 INFO  class:39 - Page Redirect Request Mapping SuccessFully done
2017-06-10 10:09:06 INFO  class:39 - Page Redirect Request Mapping SuccessFully done
2017-06-10 10:09:19 INFO  class:78 - User Login Request Mapping SuccessFully done
2017-06-10 10:15:11 INFO  class:39 - Page Redirect Request Mapping SuccessFully done
2017-06-10 10:15:24 INFO  UserRegisterController:37 - Request SuccessFully Mapped
2017-06-10 10:16:08 INFO  UserRegisterController:51 - Request SuccessFully Mapped
2017-06-10 10:16:08 INFO  UserRegisterController:63 - Auto Generated Password generated successfully
2017-06-10 10:16:15 INFO  UserRegisterController:88 - Email Sending Successfully Done
2017-06-10 10:17:22 INFO  class:39 - Page Redirect Request Mapping SuccessFully done
2017-06-10 10:17:33 INFO  class:78 - User Login Request Mapping SuccessFully done
2017-06-10 10:18:20 INFO  class:78 - User Login Request Mapping SuccessFully done
2017-06-10 10:18:29 INFO  class:39 - Page Redirect Request Mapping SuccessFully done
2017-06-10 10:18:39 INFO  class:78 - User Login Request Mapping SuccessFully done
2017-06-10 10:23:34 INFO  class:39 - Page Redirect Request Mapping SuccessFully done
2017-06-10 10:23:44 INFO  class:78 - User Login Request Mapping SuccessFully done
2017-06-10 10:25:31 INFO  class:39 - Page Redirect Request Mapping SuccessFully done
2017-06-10 10:25:46 INFO  class:78 - User Login Request Mapping SuccessFully done
2017-06-10 10:26:39 INFO  class:39 - Page Redirect Request Mapping SuccessFully done
2017-06-10 10:26:48 INFO  class:78 - User Login Request Mapping SuccessFully done
2017-06-10 10:27:03 INFO  class:39 - Page Redirect Request Mapping SuccessFully done
2017-06-10 10:27:15 INFO  class:78 - User Login Request Mapping SuccessFully done
2017-06-10 10:30:47 INFO  class:39 - Page Redirect Request Mapping SuccessFully done
2017-06-10 10:30:57 INFO  class:78 - User Login Request Mapping SuccessFully done
2017-06-10 10:52:05 INFO  class:39 - Page Redirect Request Mapping SuccessFully done
2017-06-10 10:52:18 INFO  class:78 - User Login Request Mapping SuccessFully done
2017-06-10 10:52:53 INFO  class:39 - Page Redirect Request Mapping SuccessFully done
2017-06-10 10:53:01 INFO  class:78 - User Login Request Mapping SuccessFully done
2017-06-10 11:05:41 INFO  class:39 - Page Redirect Request Mapping SuccessFully done
2017-06-10 11:05:54 INFO  class:78 - User Login Request Mapping SuccessFully done
2017-06-10 19:09:31 INFO  class:39 - Page Redirect Request Mapping SuccessFully done
2017-06-10 19:09:35 INFO  UserRegisterController:37 - Request SuccessFully Mapped
2017-06-10 19:09:50 INFO  class:78 - User Login Request Mapping SuccessFully done
2017-06-10 19:44:23 INFO  class:39 - Page Redirect Request Mapping SuccessFully done
2017-06-10 19:44:26 INFO  UserRegisterController:37 - Request SuccessFully Mapped
2017-06-10 19:45:00 INFO  class:78 - User Login Request Mapping SuccessFully done
2017-06-10 19:46:00 INFO  class:39 - Page Redirect Request Mapping SuccessFully done
2017-06-10 19:46:08 INFO  class:78 - User Login Request Mapping SuccessFully done
2017-06-10 19:46:48 INFO  class:78 - User Login Request Mapping SuccessFully done
2017-06-10 19:48:02 INFO  class:39 - Page Redirect Request Mapping SuccessFully done
2017-06-10 19:48:15 INFO  class:78 - User Login Request Mapping SuccessFully done
2017-06-10 19:49:46 INFO  class:78 - User Login Request Mapping SuccessFully done
2017-06-10 19:50:46 INFO  class:39 - Page Redirect Request Mapping SuccessFully done
2017-06-10 19:50:53 INFO  class:78 - User Login Request Mapping SuccessFully done
2017-06-10 19:51:57 INFO  class:78 - User Login Request Mapping SuccessFully done
2017-06-10 19:52:17 INFO  class:39 - Page Redirect Request Mapping SuccessFully done
2017-06-10 19:52:23 INFO  class:78 - User Login Request Mapping SuccessFully done
2017-06-10 19:52:57 INFO  class:78 - User Login Request Mapping SuccessFully done
2017-06-10 19:53:05 INFO  class:78 - User Login Request Mapping SuccessFully done
2017-06-10 19:53:29 INFO  class:78 - User Login Request Mapping SuccessFully done
2017-06-10 19:53:30 INFO  class:78 - User Login Request Mapping SuccessFully done
2017-06-10 19:54:30 INFO  class:39 - Page Redirect Request Mapping SuccessFully done
2017-06-10 19:54:36 INFO  class:78 - User Login Request Mapping SuccessFully done
2017-06-10 19:55:02 INFO  class:78 - User Login Request Mapping SuccessFully done
2017-06-10 20:43:27 INFO  class:39 - Page Redirect Request Mapping SuccessFully done
2017-06-10 20:43:42 INFO  class:78 - User Login Request Mapping SuccessFully done
2017-06-10 20:44:54 INFO  class:39 - Page Redirect Request Mapping SuccessFully done
2017-06-10 20:45:03 INFO  class:78 - User Login Request Mapping SuccessFully done
2017-06-10 20:45:32 INFO  class:39 - Page Redirect Request Mapping SuccessFully done
2017-06-10 20:45:45 INFO  class:78 - User Login Request Mapping SuccessFully done
2017-06-10 20:47:35 INFO  class:39 - Page Redirect Request Mapping SuccessFully done
2017-06-10 20:47:44 INFO  class:78 - User Login Request Mapping SuccessFully done
2017-06-10 20:53:12 INFO  class:40 - Page Redirect Request Mapping SuccessFully done
2017-06-10 20:53:25 INFO  class:79 - User Login Request Mapping SuccessFully done
2017-06-10 20:57:12 INFO  class:40 - Page Redirect Request Mapping SuccessFully done
2017-06-10 20:57:19 INFO  class:79 - User Login Request Mapping SuccessFully done
2017-06-10 21:10:45 INFO  class:40 - Page Redirect Request Mapping SuccessFully done
2017-06-10 21:10:54 INFO  class:79 - User Login Request Mapping SuccessFully done
2017-06-10 21:12:10 INFO  class:40 - Page Redirect Request Mapping SuccessFully done
2017-06-10 21:12:20 INFO  class:79 - User Login Request Mapping SuccessFully done
2017-06-10 21:13:08 INFO  class:40 - Page Redirect Request Mapping SuccessFully done
2017-06-10 21:13:18 INFO  class:79 - User Login Request Mapping SuccessFully done
2017-06-10 21:13:30 INFO  class:40 - Page Redirect Request Mapping SuccessFully done
2017-06-10 21:13:38 INFO  class:79 - User Login Request Mapping SuccessFully done
2017-06-10 21:14:31 INFO  class:40 - Page Redirect Request Mapping SuccessFully done
2017-06-10 21:14:34 INFO  UserRegisterController:37 - Request SuccessFully Mapped
2017-06-10 21:14:50 INFO  UserRegisterController:51 - Request SuccessFully Mapped
2017-06-10 21:14:50 INFO  UserRegisterController:63 - Auto Generated Password generated successfully
2017-06-10 21:15:29 INFO  class:40 - Page Redirect Request Mapping SuccessFully done
2017-06-10 21:15:32 INFO  class:40 - Page Redirect Request Mapping SuccessFully done
2017-06-10 21:15:52 INFO  class:79 - User Login Request Mapping SuccessFully done
2017-06-10 21:32:06 INFO  class:79 - User Login Request Mapping SuccessFully done
2017-06-10 21:33:38 INFO  class:40 - Page Redirect Request Mapping SuccessFully done
2017-06-10 21:33:47 INFO  class:79 - User Login Request Mapping SuccessFully done
2017-06-10 21:38:27 INFO  class:40 - Page Redirect Request Mapping SuccessFully done
2017-06-10 21:38:41 INFO  class:79 - User Login Request Mapping SuccessFully done
2017-06-10 21:40:30 INFO  class:40 - Page Redirect Request Mapping SuccessFully done
2017-06-10 21:40:38 INFO  class:79 - User Login Request Mapping SuccessFully done
2017-06-10 21:42:23 INFO  class:79 - User Login Request Mapping SuccessFully done
2017-06-10 21:42:31 INFO  class:79 - User Login Request Mapping SuccessFully done
2017-06-10 21:45:58 INFO  class:79 - User Login Request Mapping SuccessFully done
2017-06-10 21:46:07 INFO  class:40 - Page Redirect Request Mapping SuccessFully done
2017-06-10 21:46:14 INFO  class:79 - User Login Request Mapping SuccessFully done
2017-06-10 21:46:45 INFO  class:40 - Page Redirect Request Mapping SuccessFully done
2017-06-10 21:46:52 INFO  class:79 - User Login Request Mapping SuccessFully done
2017-06-10 21:48:39 INFO  class:79 - User Login Request Mapping SuccessFully done
2017-06-10 21:48:53 INFO  class:79 - User Login Request Mapping SuccessFully done
2017-06-10 21:49:41 INFO  class:79 - User Login Request Mapping SuccessFully done
2017-06-10 21:50:55 INFO  class:79 - User Login Request Mapping SuccessFully done
2017-06-10 21:55:13 INFO  class:79 - User Login Request Mapping SuccessFully done
2017-06-10 22:07:52 INFO  class:40 - Page Redirect Request Mapping SuccessFully done
2017-06-10 22:08:01 INFO  class:79 - User Login Request Mapping SuccessFully done
2017-06-10 22:08:30 INFO  class:79 - User Login Request Mapping SuccessFully done
2017-06-10 22:08:36 INFO  class:40 - Page Redirect Request Mapping SuccessFully done
2017-06-10 22:09:13 INFO  class:40 - Page Redirect Request Mapping SuccessFully done
2017-06-10 22:09:20 INFO  class:79 - User Login Request Mapping SuccessFully done
2017-06-10 22:09:26 INFO  class:40 - Page Redirect Request Mapping SuccessFully done
2017-06-10 22:09:26 INFO  class:40 - Page Redirect Request Mapping SuccessFully done
2017-06-10 22:09:26 INFO  class:40 - Page Redirect Request Mapping SuccessFully done
2017-06-10 22:09:28 INFO  class:40 - Page Redirect Request Mapping SuccessFully done
2017-06-10 22:09:28 INFO  class:40 - Page Redirect Request Mapping SuccessFully done
2017-06-10 22:09:28 INFO  class:40 - Page Redirect Request Mapping SuccessFully done
2017-06-10 22:09:28 INFO  class:40 - Page Redirect Request Mapping SuccessFully done
2017-06-10 22:09:28 INFO  class:40 - Page Redirect Request Mapping SuccessFully done
2017-06-10 22:09:28 INFO  class:40 - Page Redirect Request Mapping SuccessFully done
2017-06-10 22:09:29 INFO  class:40 - Page Redirect Request Mapping SuccessFully done
2017-06-10 22:09:35 INFO  class:79 - User Login Request Mapping SuccessFully done
2017-06-10 22:10:17 INFO  class:79 - User Login Request Mapping SuccessFully done
2017-06-10 22:12:13 INFO  class:79 - User Login Request Mapping SuccessFully done
2017-06-10 22:22:34 INFO  class:79 - User Login Request Mapping SuccessFully done
2017-06-10 22:22:50 INFO  class:40 - Page Redirect Request Mapping SuccessFully done
2017-06-10 22:23:00 INFO  class:79 - User Login Request Mapping SuccessFully done
2017-06-10 22:24:22 INFO  class:79 - User Login Request Mapping SuccessFully done
2017-06-10 22:25:18 INFO  class:79 - User Login Request Mapping SuccessFully done
2017-06-10 22:26:04 INFO  class:40 - Page Redirect Request Mapping SuccessFully done
2017-06-10 22:26:11 INFO  class:79 - User Login Request Mapping SuccessFully done
2017-06-10 22:27:49 INFO  class:79 - User Login Request Mapping SuccessFully done
2017-06-10 22:31:49 INFO  class:79 - User Login Request Mapping SuccessFully done
2017-06-10 22:32:40 INFO  class:79 - User Login Request Mapping SuccessFully done
2017-06-10 22:32:45 INFO  class:79 - User Login Request Mapping SuccessFully done
2017-06-10 22:38:10 INFO  class:79 - User Login Request Mapping SuccessFully done
2017-06-10 22:41:25 INFO  class:79 - User Login Request Mapping SuccessFully done
2017-06-10 22:42:35 INFO  class:40 - Page Redirect Request Mapping SuccessFully done
2017-06-10 22:42:41 INFO  class:79 - User Login Request Mapping SuccessFully done
2017-06-10 22:44:54 INFO  class:79 - User Login Request Mapping SuccessFully done
2017-06-10 22:46:31 INFO  class:40 - Page Redirect Request Mapping SuccessFully done
2017-06-10 22:46:39 INFO  class:79 - User Login Request Mapping SuccessFully done
2017-06-10 22:57:07 INFO  class:79 - User Login Request Mapping SuccessFully done
2017-06-10 22:57:57 INFO  class:40 - Page Redirect Request Mapping SuccessFully done
2017-06-10 22:58:06 INFO  class:79 - User Login Request Mapping SuccessFully done
2017-06-10 23:10:32 INFO  class:40 - Page Redirect Request Mapping SuccessFully done
2017-06-10 23:10:39 INFO  class:79 - User Login Request Mapping SuccessFully done
2017-06-10 23:14:32 INFO  class:79 - User Login Request Mapping SuccessFully done
2017-06-10 23:14:51 INFO  class:40 - Page Redirect Request Mapping SuccessFully done
2017-06-10 23:15:00 INFO  class:79 - User Login Request Mapping SuccessFully done
2017-06-10 23:16:09 INFO  class:40 - Page Redirect Request Mapping SuccessFully done
2017-06-10 23:16:17 INFO  class:79 - User Login Request Mapping SuccessFully done
2017-06-10 23:16:21 INFO  class:40 - Page Redirect Request Mapping SuccessFully done
2017-06-10 23:16:30 INFO  class:79 - User Login Request Mapping SuccessFully done
2017-06-10 23:17:14 INFO  class:79 - User Login Request Mapping SuccessFully done
2017-06-10 23:55:15 INFO  class:79 - User Login Request Mapping SuccessFully done
2017-06-11 00:09:15 INFO  class:40 - Page Redirect Request Mapping SuccessFully done
2017-06-11 00:09:25 INFO  class:79 - User Login Request Mapping SuccessFully done
2017-06-11 00:14:02 INFO  class:40 - Page Redirect Request Mapping SuccessFully done
2017-06-11 00:14:13 INFO  class:79 - User Login Request Mapping SuccessFully done
2017-06-11 00:15:39 INFO  class:79 - User Login Request Mapping SuccessFully done
2017-06-11 00:16:30 INFO  class:40 - Page Redirect Request Mapping SuccessFully done
2017-06-11 00:16:40 INFO  class:79 - User Login Request Mapping SuccessFully done
2017-06-11 01:42:05 INFO  class:40 - Page Redirect Request Mapping SuccessFully done
2017-06-11 01:42:13 INFO  class:79 - User Login Request Mapping SuccessFully done
2017-06-11 01:45:02 INFO  class:79 - User Login Request Mapping SuccessFully done
2017-06-11 01:47:33 INFO  class:79 - User Login Request Mapping SuccessFully done
2017-06-11 02:06:58 INFO  class:79 - User Login Request Mapping SuccessFully done
2017-06-11 02:09:19 INFO  class:40 - Page Redirect Request Mapping SuccessFully done
2017-06-11 02:09:32 INFO  class:79 - User Login Request Mapping SuccessFully done
2017-06-11 04:47:05 INFO  class:40 - Page Redirect Request Mapping SuccessFully done
2017-06-11 04:47:14 INFO  class:79 - User Login Request Mapping SuccessFully done
2017-06-11 05:10:58 INFO  class:40 - Page Redirect Request Mapping SuccessFully done
2017-06-11 05:11:10 INFO  class:79 - User Login Request Mapping SuccessFully done
2017-06-11 05:51:07 INFO  class:79 - User Login Request Mapping SuccessFully done
2017-06-11 05:54:55 INFO  class:40 - Page Redirect Request Mapping SuccessFully done
2017-06-11 05:55:04 INFO  class:79 - User Login Request Mapping SuccessFully done
2017-06-11 06:05:31 INFO  class:40 - Page Redirect Request Mapping SuccessFully done
2017-06-11 06:05:39 INFO  class:79 - User Login Request Mapping SuccessFully done
2017-06-11 06:11:43 INFO  class:40 - Page Redirect Request Mapping SuccessFully done
2017-06-11 06:11:50 INFO  class:79 - User Login Request Mapping SuccessFully done
2017-06-11 06:44:04 INFO  class:40 - Page Redirect Request Mapping SuccessFully done
2017-06-11 06:44:15 INFO  class:79 - User Login Request Mapping SuccessFully done
2017-06-11 08:08:41 INFO  class:42 - Page Redirect Request Mapping SuccessFully done
2017-06-11 08:08:50 INFO  class:65 - Admin Login Request Mapping SuccessFully done
2017-06-11 08:21:24 INFO  class:42 - Page Redirect Request Mapping SuccessFully done
2017-06-11 08:21:40 INFO  class:65 - Admin Login Request Mapping SuccessFully done
2017-06-11 08:22:01 INFO  class:42 - Page Redirect Request Mapping SuccessFully done
2017-06-11 08:22:11 INFO  class:65 - Admin Login Request Mapping SuccessFully done
2017-06-11 08:30:38 INFO  class:65 - Admin Login Request Mapping SuccessFully done
2017-06-11 08:39:58 INFO  class:65 - Admin Login Request Mapping SuccessFully done
2017-06-11 08:40:09 INFO  class:42 - Page Redirect Request Mapping SuccessFully done
2017-06-11 08:40:23 INFO  class:65 - Admin Login Request Mapping SuccessFully done
2017-06-11 08:41:58 INFO  class:42 - Page Redirect Request Mapping SuccessFully done
2017-06-11 08:42:10 INFO  class:65 - Admin Login Request Mapping SuccessFully done
2017-06-11 08:43:29 INFO  class:65 - Admin Login Request Mapping SuccessFully done
2017-06-11 08:44:47 INFO  class:42 - Page Redirect Request Mapping SuccessFully done
2017-06-11 08:44:57 INFO  class:65 - Admin Login Request Mapping SuccessFully done
2017-06-11 08:52:39 INFO  class:65 - Admin Login Request Mapping SuccessFully done
2017-06-11 09:16:41 INFO  class:65 - Admin Login Request Mapping SuccessFully done
2017-06-11 09:24:18 INFO  class:42 - Page Redirect Request Mapping SuccessFully done
2017-06-11 09:24:29 INFO  class:65 - Admin Login Request Mapping SuccessFully done
2017-06-11 09:41:35 INFO  class:42 - Page Redirect Request Mapping SuccessFully done
2017-06-11 09:41:47 INFO  class:83 - User Login Request Mapping SuccessFully done
2017-06-11 09:43:29 INFO  class:42 - Page Redirect Request Mapping SuccessFully done
2017-06-11 09:43:31 INFO  UserRegisterController:37 - Request SuccessFully Mapped
2017-06-11 09:43:55 INFO  UserRegisterController:51 - Request SuccessFully Mapped
2017-06-11 09:43:55 INFO  UserRegisterController:63 - Auto Generated Password generated successfully
2017-06-11 09:44:01 INFO  UserRegisterController:37 - Request SuccessFully Mapped
2017-06-11 09:44:08 INFO  class:42 - Page Redirect Request Mapping SuccessFully done
2017-06-11 09:44:31 INFO  class:83 - User Login Request Mapping SuccessFully done
2017-06-11 09:46:43 INFO  class:83 - User Login Request Mapping SuccessFully done
2017-06-11 09:46:45 INFO  class:42 - Page Redirect Request Mapping SuccessFully done
2017-06-11 09:48:36 INFO  class:42 - Page Redirect Request Mapping SuccessFully done
2017-06-11 09:48:44 INFO  class:83 - User Login Request Mapping SuccessFully done
2017-06-11 09:49:04 INFO  class:83 - User Login Request Mapping SuccessFully done
2017-06-11 09:49:55 INFO  class:83 - User Login Request Mapping SuccessFully done
2017-06-11 09:49:58 INFO  class:42 - Page Redirect Request Mapping SuccessFully done
2017-06-11 09:50:13 INFO  class:65 - Admin Login Request Mapping SuccessFully done
2017-06-11 09:50:31 INFO  class:65 - Admin Login Request Mapping SuccessFully done
2017-06-11 09:50:33 INFO  class:65 - Admin Login Request Mapping SuccessFully done
2017-06-11 09:50:34 INFO  class:65 - Admin Login Request Mapping SuccessFully done
2017-06-11 09:50:34 INFO  class:65 - Admin Login Request Mapping SuccessFully done
2017-06-11 09:51:20 INFO  class:42 - Page Redirect Request Mapping SuccessFully done
2017-06-11 09:51:30 INFO  class:83 - User Login Request Mapping SuccessFully done
2017-06-11 09:52:11 INFO  UserRegisterController:37 - Request SuccessFully Mapped
2017-06-11 11:21:26 INFO  class:42 - Page Redirect Request Mapping SuccessFully done
2017-06-11 11:21:50 INFO  class:42 - Page Redirect Request Mapping SuccessFully done
2017-06-11 11:27:25 INFO  class:42 - Page Redirect Request Mapping SuccessFully done
2017-06-11 11:27:54 INFO  class:42 - Page Redirect Request Mapping SuccessFully done
2017-06-11 20:11:13 INFO  class:42 - Page Redirect Request Mapping SuccessFully done
2017-06-11 20:20:29 INFO  class:42 - Page Redirect Request Mapping SuccessFully done
2017-06-11 21:16:43 INFO  class:42 - Page Redirect Request Mapping SuccessFully done
2017-06-11 21:16:53 INFO  UserRegisterController:37 - Request SuccessFully Mapped
2017-06-11 21:17:27 INFO  UserRegisterController:51 - Request SuccessFully Mapped
2017-06-11 21:17:27 INFO  UserRegisterController:63 - Auto Generated Password generated successfully
2017-06-11 21:17:35 INFO  UserRegisterController:88 - Email Sending Successfully Done
2017-06-11 21:17:40 INFO  class:42 - Page Redirect Request Mapping SuccessFully done
2017-06-11 21:18:34 INFO  class:42 - Page Redirect Request Mapping SuccessFully done
2017-06-11 21:18:34 INFO  class:42 - Page Redirect Request Mapping SuccessFully done
2017-06-11 21:18:34 INFO  class:42 - Page Redirect Request Mapping SuccessFully done
2017-06-11 21:18:35 INFO  class:42 - Page Redirect Request Mapping SuccessFully done
2017-06-11 21:18:35 INFO  class:42 - Page Redirect Request Mapping SuccessFully done
2017-06-11 21:20:13 INFO  class:42 - Page Redirect Request Mapping SuccessFully done
2017-06-11 21:22:23 INFO  class:42 - Page Redirect Request Mapping SuccessFully done
2017-06-11 21:24:16 INFO  class:42 - Page Redirect Request Mapping SuccessFully done
2017-06-11 21:26:10 INFO  class:42 - Page Redirect Request Mapping SuccessFully done
2017-06-11 21:26:27 INFO  class:65 - Admin Login Request Mapping SuccessFully done
2017-06-11 21:26:49 INFO  class:42 - Page Redirect Request Mapping SuccessFully done
2017-06-11 21:27:00 INFO  class:83 - User Login Request Mapping SuccessFully done
2017-06-11 21:47:34 INFO  UserRegisterController:37 - Request SuccessFully Mapped
2017-06-12 04:03:10 INFO  class:42 - Page Redirect Request Mapping SuccessFully done
2017-06-12 04:03:16 INFO  UserRegisterController:37 - Request SuccessFully Mapped
2017-06-12 04:04:50 INFO  UserRegisterController:51 - Request SuccessFully Mapped
2017-06-12 04:04:50 INFO  UserRegisterController:63 - Auto Generated Password generated successfully
2017-06-12 04:04:57 INFO  UserRegisterController:88 - Email Sending Successfully Done
2017-06-12 04:05:21 INFO  class:42 - Page Redirect Request Mapping SuccessFully done
2017-06-12 04:05:43 INFO  class:83 - User Login Request Mapping SuccessFully done
2017-06-12 04:12:00 INFO  class:42 - Page Redirect Request Mapping SuccessFully done
2017-06-12 04:16:10 INFO  UserRegisterController:37 - Request SuccessFully Mapped
2017-06-12 04:16:29 INFO  UserRegisterController:51 - Request SuccessFully Mapped
2017-06-12 04:16:29 INFO  UserRegisterController:63 - Auto Generated Password generated successfully
2017-06-12 04:16:34 INFO  UserRegisterController:88 - Email Sending Successfully Done
2017-06-12 04:16:41 INFO  class:42 - Page Redirect Request Mapping SuccessFully done
2017-06-12 04:17:21 INFO  class:42 - Page Redirect Request Mapping SuccessFully done
2017-06-12 04:17:22 INFO  class:42 - Page Redirect Request Mapping SuccessFully done
2017-06-12 04:17:23 INFO  class:42 - Page Redirect Request Mapping SuccessFully done
2017-06-12 04:17:23 INFO  class:42 - Page Redirect Request Mapping SuccessFully done
2017-06-12 04:17:23 INFO  class:42 - Page Redirect Request Mapping SuccessFully done
2017-06-12 05:36:23 INFO  class:42 - Page Redirect Request Mapping SuccessFully done
2017-06-12 05:36:33 INFO  class:65 - Admin Login Request Mapping SuccessFully done
2017-06-12 06:00:33 INFO  class:65 - Admin Login Request Mapping SuccessFully done
2017-06-12 12:13:15 INFO  class:42 - Page Redirect Request Mapping SuccessFully done
2017-06-12 12:13:21 INFO  UserRegisterController:37 - Request SuccessFully Mapped
2017-06-12 17:46:24 INFO  class:42 - Page Redirect Request Mapping SuccessFully done
2017-06-12 17:46:45 INFO  class:65 - Admin Login Request Mapping SuccessFully done
2017-06-12 17:59:52 INFO  class:65 - Admin Login Request Mapping SuccessFully done
2017-06-12 18:09:53 INFO  class:65 - Admin Login Request Mapping SuccessFully done
2017-06-12 18:34:17 INFO  class:65 - Admin Login Request Mapping SuccessFully done
2017-06-12 19:05:01 INFO  class:42 - Page Redirect Request Mapping SuccessFully done
2017-06-12 19:05:09 INFO  class:83 - User Login Request Mapping SuccessFully done
2017-06-12 19:36:03 INFO  class:42 - Page Redirect Request Mapping SuccessFully done
2017-06-12 19:36:14 INFO  class:83 - User Login Request Mapping SuccessFully done
2017-06-12 19:58:41 INFO  class:83 - User Login Request Mapping SuccessFully done
2017-06-12 20:15:25 INFO  class:83 - User Login Request Mapping SuccessFully done
2017-06-12 20:15:29 INFO  class:42 - Page Redirect Request Mapping SuccessFully done
2017-06-12 20:15:39 INFO  class:83 - User Login Request Mapping SuccessFully done
2017-06-12 20:24:34 INFO  class:83 - User Login Request Mapping SuccessFully done
2017-06-12 20:24:38 INFO  class:42 - Page Redirect Request Mapping SuccessFully done
2017-06-12 20:24:50 INFO  class:83 - User Login Request Mapping SuccessFully done
2017-06-12 20:28:42 INFO  class:42 - Page Redirect Request Mapping SuccessFully done
2017-06-12 20:28:45 INFO  UserRegisterController:37 - Request SuccessFully Mapped
2017-06-12 20:29:38 INFO  class:42 - Page Redirect Request Mapping SuccessFully done
2017-06-12 20:30:59 INFO  class:43 - Page Redirect Request Mapping SuccessFully done
2017-06-12 20:31:02 INFO  class:43 - Page Redirect Request Mapping SuccessFully done
2017-06-12 20:31:11 INFO  class:84 - User Login Request Mapping SuccessFully done
2017-06-12 20:32:05 INFO  class:84 - User Login Request Mapping SuccessFully done
2017-06-12 20:32:08 INFO  class:43 - Page Redirect Request Mapping SuccessFully done
2017-06-12 20:32:15 INFO  class:84 - User Login Request Mapping SuccessFully done
2017-06-12 20:32:49 INFO  class:84 - User Login Request Mapping SuccessFully done
2017-06-12 20:33:03 INFO  class:43 - Page Redirect Request Mapping SuccessFully done
2017-06-12 20:33:12 INFO  class:84 - User Login Request Mapping SuccessFully done
2017-06-12 20:38:18 INFO  class:84 - User Login Request Mapping SuccessFully done
2017-06-12 20:40:06 INFO  class:84 - User Login Request Mapping SuccessFully done
2017-06-12 20:40:09 INFO  class:84 - User Login Request Mapping SuccessFully done
2017-06-12 20:40:10 INFO  class:84 - User Login Request Mapping SuccessFully done
2017-06-12 20:40:11 INFO  class:84 - User Login Request Mapping SuccessFully done
2017-06-12 20:40:13 INFO  class:43 - Page Redirect Request Mapping SuccessFully done
2017-06-12 20:40:21 INFO  class:84 - User Login Request Mapping SuccessFully done
2017-06-12 20:41:30 INFO  class:84 - User Login Request Mapping SuccessFully done
2017-06-12 20:41:50 INFO  UserRegisterController:37 - Request SuccessFully Mapped
2017-06-12 20:41:58 INFO  class:43 - Page Redirect Request Mapping SuccessFully done
2017-06-12 20:45:23 INFO  class:43 - Page Redirect Request Mapping SuccessFully done
2017-06-12 20:45:25 INFO  class:43 - Page Redirect Request Mapping SuccessFully done
2017-06-12 20:45:25 INFO  class:43 - Page Redirect Request Mapping SuccessFully done
2017-06-12 20:45:26 INFO  class:43 - Page Redirect Request Mapping SuccessFully done
2017-06-12 20:45:26 INFO  class:43 - Page Redirect Request Mapping SuccessFully done
2017-06-12 20:45:26 INFO  class:43 - Page Redirect Request Mapping SuccessFully done
2017-06-12 20:45:26 INFO  class:43 - Page Redirect Request Mapping SuccessFully done
2017-06-12 20:46:59 INFO  class:43 - Page Redirect Request Mapping SuccessFully done
2017-06-12 20:49:42 INFO  class:43 - Page Redirect Request Mapping SuccessFully done
2017-06-12 20:52:48 INFO  class:43 - Page Redirect Request Mapping SuccessFully done
2017-06-12 20:53:11 INFO  class:43 - Page Redirect Request Mapping SuccessFully done
2017-06-12 20:54:24 INFO  class:43 - Page Redirect Request Mapping SuccessFully done
2017-06-12 20:56:26 INFO  class:43 - Page Redirect Request Mapping SuccessFully done
2017-06-12 20:58:29 INFO  class:43 - Page Redirect Request Mapping SuccessFully done
2017-06-12 22:03:16 INFO  class:43 - Page Redirect Request Mapping SuccessFully done
2017-06-12 22:03:23 INFO  class:84 - User Login Request Mapping SuccessFully done
2017-06-12 22:05:26 INFO  class:43 - Page Redirect Request Mapping SuccessFully done
2017-06-12 22:05:56 INFO  class:43 - Page Redirect Request Mapping SuccessFully done
2017-06-12 22:06:05 INFO  class:43 - Page Redirect Request Mapping SuccessFully done
2017-06-12 22:06:17 INFO  class:84 - User Login Request Mapping SuccessFully done
2017-06-12 22:06:46 INFO  class:43 - Page Redirect Request Mapping SuccessFully done
2017-06-12 22:06:55 INFO  class:84 - User Login Request Mapping SuccessFully done
2017-06-12 22:06:59 INFO  UserRegisterController:37 - Request SuccessFully Mapped
2017-06-12 22:07:08 INFO  class:43 - Page Redirect Request Mapping SuccessFully done
2017-06-12 22:08:54 INFO  class:66 - Admin Login Request Mapping SuccessFully done
2017-06-13 07:13:10 INFO  class:43 - Page Redirect Request Mapping SuccessFully done
2017-06-13 07:13:26 INFO  class:66 - Admin Login Request Mapping SuccessFully done
2017-06-13 09:37:57 INFO  class:43 - Page Redirect Request Mapping SuccessFully done
2017-06-13 09:38:45 INFO  UserRegisterController:37 - Request SuccessFully Mapped
2017-06-13 09:46:25 INFO  class:43 - Page Redirect Request Mapping SuccessFully done
2017-06-13 10:10:47 INFO  class:43 - Page Redirect Request Mapping SuccessFully done
2017-06-13 10:10:49 INFO  UserRegisterController:37 - Request SuccessFully Mapped
2017-06-13 10:11:06 INFO  UserRegisterController:51 - Request SuccessFully Mapped
2017-06-13 10:11:06 INFO  UserRegisterController:63 - Auto Generated Password generated successfully
2017-06-13 11:19:53 INFO  class:43 - Page Redirect Request Mapping SuccessFully done
2017-06-13 12:03:00 INFO  class:43 - Page Redirect Request Mapping SuccessFully done
2017-06-13 12:40:40 INFO  class:43 - Page Redirect Request Mapping SuccessFully done
2017-06-13 12:40:59 INFO  class:66 - Admin Login Request Mapping SuccessFully done
2017-06-13 12:41:30 INFO  class:43 - Page Redirect Request Mapping SuccessFully done
2017-06-13 12:41:55 INFO  class:84 - User Login Request Mapping SuccessFully done
2017-06-13 12:42:42 INFO  class:43 - Page Redirect Request Mapping SuccessFully done
2017-06-13 12:42:55 INFO  class:84 - User Login Request Mapping SuccessFully done
2017-06-13 12:43:09 INFO  UserRegisterController:37 - Request SuccessFully Mapped
2017-06-13 12:43:27 INFO  UserRegisterController:51 - Request SuccessFully Mapped
2017-06-13 12:43:27 INFO  UserRegisterController:63 - Auto Generated Password generated successfully
2017-06-13 12:43:32 INFO  UserRegisterController:88 - Email Sending Successfully Done
2017-06-13 12:44:17 INFO  class:43 - Page Redirect Request Mapping SuccessFully done
2017-06-13 12:45:01 INFO  class:84 - User Login Request Mapping SuccessFully done
2017-06-13 12:45:55 INFO  class:43 - Page Redirect Request Mapping SuccessFully done
2017-06-13 12:46:46 INFO  class:43 - Page Redirect Request Mapping SuccessFully done
2017-06-14 22:20:55 INFO  class:43 - Page Redirect Request Mapping SuccessFully done
2017-06-14 22:24:24 INFO  class:43 - Page Redirect Request Mapping SuccessFully done
2017-06-14 22:25:56 INFO  class:43 - Page Redirect Request Mapping SuccessFully done
2017-06-14 22:25:57 INFO  class:43 - Page Redirect Request Mapping SuccessFully done
2017-06-14 22:26:26 INFO  class:43 - Page Redirect Request Mapping SuccessFully done
2017-06-14 22:26:35 INFO  class:84 - User Login Request Mapping SuccessFully done
2017-06-14 22:26:53 INFO  class:43 - Page Redirect Request Mapping SuccessFully done
2017-06-14 22:27:05 INFO  class:66 - Admin Login Request Mapping SuccessFully done
2017-06-14 22:28:02 INFO  class:84 - User Login Request Mapping SuccessFully done
2017-06-16 00:53:16 INFO  class:43 - Page Redirect Request Mapping SuccessFully done
2017-06-19 20:37:40 INFO  class:43 - Page Redirect Request Mapping SuccessFully done
2017-06-19 20:37:58 INFO  class:66 - Admin Login Request Mapping SuccessFully done
2017-07-21 14:37:53 INFO  class:43 - Page Redirect Request Mapping SuccessFully done
2017-07-21 14:38:00 INFO  UserRegisterController:37 - Request SuccessFully Mapped
